<?xml version="1.0" encoding="UTF-8"?>
<coverage generated="1616503421">
  <project timestamp="1616503421">
    <file name="/home/buzasadam/php_projects/my-project-dir/src/App/DateCalculator.php">
      <class name="App\DateCalculator" namespace="global">
        <metrics complexity="14" methods="8" coveredmethods="6" conditionals="0" coveredconditionals="0" statements="69" coveredstatements="64" elements="77" coveredelements="70"/>
      </class>
      <line num="33" type="method" name="__construct" visibility="public" complexity="1" crap="1" count="5"/>
      <line num="35" type="stmt" count="5"/>
      <line num="36" type="stmt" count="5"/>
      <line num="45" type="method" name="calculateDueDate" visibility="public" complexity="1" crap="1" count="5"/>
      <line num="47" type="stmt" count="5"/>
      <line num="49" type="stmt" count="5"/>
      <line num="51" type="stmt" count="5"/>
      <line num="53" type="stmt" count="5"/>
      <line num="55" type="stmt" count="5"/>
      <line num="57" type="stmt" count="5"/>
      <line num="59" type="stmt" count="5"/>
      <line num="61" type="stmt" count="5"/>
      <line num="63" type="stmt" count="5"/>
      <line num="73" type="method" name="submittimeCorrection" visibility="public" complexity="3" crap="3.10" count="5"/>
      <line num="75" type="stmt" count="5"/>
      <line num="76" type="stmt" count="5"/>
      <line num="77" type="stmt" count="5"/>
      <line num="79" type="stmt" count="5"/>
      <line num="80" type="stmt" count="5"/>
      <line num="81" type="stmt" count="5"/>
      <line num="82" type="stmt" count="5"/>
      <line num="84" type="stmt" count="5"/>
      <line num="85" type="stmt" count="5"/>
      <line num="86" type="stmt" count="5"/>
      <line num="87" type="stmt" count="5"/>
      <line num="89" type="stmt" count="5"/>
      <line num="91" type="stmt" count="0"/>
      <line num="92" type="stmt" count="0"/>
      <line num="95" type="stmt" count="5"/>
      <line num="97" type="stmt" count="0"/>
      <line num="98" type="stmt" count="0"/>
      <line num="101" type="stmt" count="5"/>
      <line num="110" type="method" name="timeToEndOfDay" visibility="public" complexity="1" crap="1" count="5"/>
      <line num="112" type="stmt" count="5"/>
      <line num="113" type="stmt" count="5"/>
      <line num="114" type="stmt" count="5"/>
      <line num="116" type="stmt" count="5"/>
      <line num="117" type="stmt" count="5"/>
      <line num="118" type="stmt" count="5"/>
      <line num="119" type="stmt" count="5"/>
      <line num="121" type="stmt" count="5"/>
      <line num="123" type="stmt" count="5"/>
      <line num="131" type="method" name="minutesToEndOfDay" visibility="public" complexity="1" crap="1" count="5"/>
      <line num="133" type="stmt" count="5"/>
      <line num="134" type="stmt" count="5"/>
      <line num="143" type="method" name="daysToShift" visibility="public" complexity="1" crap="1" count="3"/>
      <line num="145" type="stmt" count="3"/>
      <line num="146" type="stmt" count="3"/>
      <line num="147" type="stmt" count="3"/>
      <line num="149" type="stmt" count="3"/>
      <line num="160" type="method" name="calculateDate" visibility="public" complexity="3" crap="3" count="5"/>
      <line num="162" type="stmt" count="5"/>
      <line num="163" type="stmt" count="5"/>
      <line num="165" type="stmt" count="5"/>
      <line num="166" type="stmt" count="5"/>
      <line num="167" type="stmt" count="5"/>
      <line num="169" type="stmt" count="5"/>
      <line num="171" type="stmt" count="2"/>
      <line num="172" type="stmt" count="2"/>
      <line num="176" type="stmt" count="3"/>
      <line num="177" type="stmt" count="3"/>
      <line num="178" type="stmt" count="3"/>
      <line num="179" type="stmt" count="3"/>
      <line num="180" type="stmt" count="3"/>
      <line num="181" type="stmt" count="3"/>
      <line num="182" type="stmt" count="3"/>
      <line num="184" type="stmt" count="3"/>
      <line num="185" type="stmt" count="3"/>
      <line num="186" type="stmt" count="3"/>
      <line num="188" type="stmt" count="3"/>
      <line num="190" type="stmt" count="3"/>
      <line num="199" type="method" name="nextWorkDay" visibility="public" complexity="3" crap="3.07" count="3"/>
      <line num="201" type="stmt" count="3"/>
      <line num="203" type="stmt" count="2"/>
      <line num="206" type="stmt" count="3"/>
      <line num="208" type="stmt" count="0"/>
      <line num="211" type="stmt" count="3"/>
      <metrics loc="213" ncloc="159" classes="1" methods="8" coveredmethods="6" conditionals="0" coveredconditionals="0" statements="69" coveredstatements="64" elements="77" coveredelements="70"/>
    </file>
    <file name="/home/buzasadam/php_projects/my-project-dir/src/Container/DIContainer.php">
      <class name="Container\DIContainer" namespace="global">
        <metrics complexity="12" methods="4" coveredmethods="0" conditionals="0" coveredconditionals="0" statements="28" coveredstatements="0" elements="32" coveredelements="0"/>
      </class>
      <line num="22" type="method" name="set" visibility="public" complexity="2" crap="6" count="0"/>
      <line num="24" type="stmt" count="0"/>
      <line num="25" type="stmt" count="0"/>
      <line num="27" type="stmt" count="0"/>
      <line num="37" type="method" name="get" visibility="public" complexity="2" crap="6" count="0"/>
      <line num="40" type="stmt" count="0"/>
      <line num="41" type="stmt" count="0"/>
      <line num="44" type="stmt" count="0"/>
      <line num="56" type="method" name="resolve" visibility="public" complexity="4" crap="20" count="0"/>
      <line num="58" type="stmt" count="0"/>
      <line num="59" type="stmt" count="0"/>
      <line num="62" type="stmt" count="0"/>
      <line num="64" type="stmt" count="0"/>
      <line num="65" type="stmt" count="0"/>
      <line num="69" type="stmt" count="0"/>
      <line num="70" type="stmt" count="0"/>
      <line num="72" type="stmt" count="0"/>
      <line num="76" type="stmt" count="0"/>
      <line num="77" type="stmt" count="0"/>
      <line num="80" type="stmt" count="0"/>
      <line num="91" type="method" name="getDependencies" visibility="public" complexity="4" crap="20" count="0"/>
      <line num="93" type="stmt" count="0"/>
      <line num="94" type="stmt" count="0"/>
      <line num="96" type="stmt" count="0"/>
      <line num="97" type="stmt" count="0"/>
      <line num="99" type="stmt" count="0"/>
      <line num="101" type="stmt" count="0"/>
      <line num="102" type="stmt" count="0"/>
      <line num="103" type="stmt" count="0"/>
      <line num="105" type="stmt" count="0"/>
      <line num="107" type="stmt" count="0"/>
      <line num="111" type="stmt" count="0"/>
      <metrics loc="113" ncloc="79" classes="1" methods="4" coveredmethods="0" conditionals="0" coveredconditionals="0" statements="28" coveredstatements="0" elements="32" coveredelements="0"/>
    </file>
    <file name="/home/buzasadam/php_projects/my-project-dir/src/Other/Log.php">
      <class name="Other\Log" namespace="global">
        <metrics complexity="3" methods="1" coveredmethods="0" conditionals="0" coveredconditionals="0" statements="11" coveredstatements="9" elements="12" coveredelements="9"/>
      </class>
      <line num="9" type="method" name="m_log" visibility="public" complexity="3" crap="3.05" count="5"/>
      <line num="12" type="stmt" count="5"/>
      <line num="14" type="stmt" count="5"/>
      <line num="16" type="stmt" count="5"/>
      <line num="19" type="stmt" count="0"/>
      <line num="20" type="stmt" count="0"/>
      <line num="24" type="stmt" count="5"/>
      <line num="27" type="stmt" count="5"/>
      <line num="29" type="stmt" count="5"/>
      <line num="31" type="stmt" count="5"/>
      <line num="33" type="stmt" count="5"/>
      <line num="34" type="stmt" count="5"/>
      <metrics loc="36" ncloc="27" classes="1" methods="1" coveredmethods="0" conditionals="0" coveredconditionals="0" statements="11" coveredstatements="9" elements="12" coveredelements="9"/>
    </file>
    <metrics files="3" loc="362" ncloc="265" classes="3" methods="13" coveredmethods="6" conditionals="0" coveredconditionals="0" statements="108" coveredstatements="73" elements="121" coveredelements="79"/>
  </project>
</coverage>
